<?xml version="1.0" encoding="utf-8"?><testsuites name="pytest tests"><testsuite name="pytest" errors="0" failures="0" skipped="0" tests="13" time="2.024" timestamp="2026-03-15T21:35:09.154516+00:00" hostname="agent-env-a1ccc923-f052-4a49-b148-9544cdeb62c6"><testcase classname="tests.test_auth_endpoints.TestAuthMe" name="test_auth_me_without_auth_returns_401" time="0.210" /><testcase classname="tests.test_auth_endpoints.TestAuthMe" name="test_auth_me_with_bearer_token" time="0.119" /><testcase classname="tests.test_auth_endpoints.TestAuthMe" name="test_auth_me_with_cookie" time="0.118" /><testcase classname="tests.test_auth_endpoints.TestAuthMe" name="test_auth_me_with_invalid_token_returns_401" time="0.119" /><testcase classname="tests.test_auth_endpoints.TestAuthLogout" name="test_logout_returns_success" time="0.142" /><testcase classname="tests.test_auth_endpoints.TestTruckDesignsLatest" name="test_truck_designs_latest_unauthenticated" time="0.128" /><testcase classname="tests.test_auth_endpoints.TestTruckDesignsLatest" name="test_truck_designs_latest_authenticated" time="0.112" /><testcase classname="tests.test_auth_endpoints.TestUserSpecificDataPersistence" name="test_save_truck_design_unauthenticated" time="0.167" /><testcase classname="tests.test_auth_endpoints.TestUserSpecificDataPersistence" name="test_save_truck_design_authenticated" time="0.164" /><testcase classname="tests.test_auth_endpoints.TestUserSpecificDataPersistence" name="test_verify_user_design_persisted" time="0.259" /><testcase classname="tests.test_auth_endpoints.TestCredentialsInclude" name="test_recipes_with_auth" time="0.124" /><testcase classname="tests.test_auth_endpoints.TestCredentialsInclude" name="test_customer_profiles_with_auth" time="0.117" /><testcase classname="tests.test_auth_endpoints.TestAPIHealthAndStatus" name="test_api_root" time="0.126" /></testsuite></testsuites>