<?xml version="1.0" encoding="utf-8"?><testsuites name="pytest tests"><testsuite name="pytest" errors="0" failures="0" skipped="0" tests="14" time="3.060" timestamp="2026-05-08T23:06:07.066206+00:00" hostname="agent-env-bb4e5feb-bf51-4989-ba44-5097c393c9ef"><testcase classname="backend.tests.test_paint_shop_api.TestPaintShopAPI" name="test_api_health" time="0.220" /><testcase classname="backend.tests.test_paint_shop_api.TestPaintShopAPI" name="test_create_truck_design_with_all_fields" time="0.138" /><testcase classname="backend.tests.test_paint_shop_api.TestPaintShopAPI" name="test_get_latest_truck_design" time="0.306" /><testcase classname="backend.tests.test_paint_shop_api.TestPaintShopAPI" name="test_get_all_truck_designs" time="0.143" /><testcase classname="backend.tests.test_paint_shop_api.TestPaintShopAPI" name="test_create_design_with_minimal_fields" time="0.115" /><testcase classname="backend.tests.test_paint_shop_api.TestPaintShopAPI" name="test_create_design_with_lettering_position" time="0.114" /><testcase classname="backend.tests.test_paint_shop_api.TestPaintShopAPI" name="test_create_design_with_racing_stripe" time="0.236" /><testcase classname="backend.tests.test_paint_shop_api.TestPaintShopAPI" name="test_create_design_with_all_accessories" time="0.198" /><testcase classname="backend.tests.test_paint_shop_api.TestTruckImages" name="test_truck_01_image" time="0.287" /><testcase classname="backend.tests.test_paint_shop_api.TestTruckImages" name="test_truck_02_image" time="0.277" /><testcase classname="backend.tests.test_paint_shop_api.TestTruckImages" name="test_truck_03_image" time="0.264" /><testcase classname="backend.tests.test_paint_shop_api.TestTruckImages" name="test_truck_04_image" time="0.163" /><testcase classname="backend.tests.test_paint_shop_api.TestTruckImages" name="test_truck_05_image" time="0.300" /><testcase classname="backend.tests.test_paint_shop_api.TestTruckImages" name="test_truck_06_image" time="0.172" /></testsuite></testsuites>