<?xml version="1.0" encoding="utf-8"?><testsuites name="pytest tests"><testsuite name="pytest" errors="0" failures="0" skipped="0" tests="23" time="3.539" timestamp="2026-03-15T20:02:55.325411+00:00" hostname="agent-env-a1ccc923-f052-4a49-b148-9544cdeb62c6"><testcase classname="backend.tests.test_persistence_apis.TestHealthCheck" name="test_api_root" time="0.348" /><testcase classname="backend.tests.test_persistence_apis.TestCustomerProfiles" name="test_create_customer_profile" time="0.141" /><testcase classname="backend.tests.test_persistence_apis.TestCustomerProfiles" name="test_get_customer_profiles" time="0.180" /><testcase classname="backend.tests.test_persistence_apis.TestAssessments" name="test_create_assessment" time="0.206" /><testcase classname="backend.tests.test_persistence_apis.TestAssessments" name="test_create_assessment_with_answers" time="0.107" /><testcase classname="backend.tests.test_persistence_apis.TestAssessments" name="test_get_assessments" time="0.163" /><testcase classname="backend.tests.test_persistence_apis.TestScaledBatches" name="test_create_scaled_batch" time="0.125" /><testcase classname="backend.tests.test_persistence_apis.TestScaledBatches" name="test_get_scaled_batches" time="0.114" /><testcase classname="backend.tests.test_persistence_apis.TestPayrollPlans" name="test_create_payroll_plan" time="0.122" /><testcase classname="backend.tests.test_persistence_apis.TestPayrollPlans" name="test_get_payroll_plans" time="0.109" /><testcase classname="backend.tests.test_persistence_apis.TestTrainingProgress" name="test_create_training_progress" time="0.124" /><testcase classname="backend.tests.test_persistence_apis.TestTrainingProgress" name="test_create_training_not_completed" time="0.104" /><testcase classname="backend.tests.test_persistence_apis.TestTrainingProgress" name="test_get_training_progress" time="0.113" /><testcase classname="backend.tests.test_persistence_apis.TestSimulationProgress" name="test_create_simulation_progress" time="0.196" /><testcase classname="backend.tests.test_persistence_apis.TestSimulationProgress" name="test_create_simulation_wrong_answer" time="0.200" /><testcase classname="backend.tests.test_persistence_apis.TestSimulationProgress" name="test_get_simulation_progress" time="0.140" /><testcase classname="backend.tests.test_persistence_apis.TestPermits" name="test_create_permit_new" time="0.135" /><testcase classname="backend.tests.test_persistence_apis.TestPermits" name="test_create_permit_schedule_inspection" time="0.114" /><testcase classname="backend.tests.test_persistence_apis.TestPermits" name="test_get_permits" time="0.142" /><testcase classname="backend.tests.test_persistence_apis.TestExistingEndpoints" name="test_create_truck_design" time="0.115" /><testcase classname="backend.tests.test_persistence_apis.TestExistingEndpoints" name="test_create_recipe" time="0.140" /><testcase classname="backend.tests.test_persistence_apis.TestExistingEndpoints" name="test_create_break_even_scenario" time="0.142" /><testcase classname="backend.tests.test_persistence_apis.TestExistingEndpoints" name="test_create_signature_dish" time="0.136" /></testsuite></testsuites>