<?xml version="1.0" encoding="utf-8"?><testsuites name="pytest tests"><testsuite name="pytest" errors="0" failures="0" skipped="0" tests="14" time="2.380" timestamp="2026-05-09T02:17:24.935202+00:00" hostname="agent-env-bb4e5feb-bf51-4989-ba44-5097c393c9ef"><testcase classname="backend.tests.test_paint_shop_api.TestPaintShopAPI" name="test_api_health" time="0.177" /><testcase classname="backend.tests.test_paint_shop_api.TestPaintShopAPI" name="test_create_truck_design_with_all_fields" time="0.122" /><testcase classname="backend.tests.test_paint_shop_api.TestPaintShopAPI" name="test_get_latest_truck_design" time="0.296" /><testcase classname="backend.tests.test_paint_shop_api.TestPaintShopAPI" name="test_get_all_truck_designs" time="0.129" /><testcase classname="backend.tests.test_paint_shop_api.TestPaintShopAPI" name="test_create_design_with_minimal_fields" time="0.113" /><testcase classname="backend.tests.test_paint_shop_api.TestPaintShopAPI" name="test_create_design_with_lettering_position" time="0.171" /><testcase classname="backend.tests.test_paint_shop_api.TestPaintShopAPI" name="test_create_design_with_racing_stripe" time="0.126" /><testcase classname="backend.tests.test_paint_shop_api.TestPaintShopAPI" name="test_create_design_with_all_accessories" time="0.111" /><testcase classname="backend.tests.test_paint_shop_api.TestTruckImages" name="test_truck_01_image" time="0.167" /><testcase classname="backend.tests.test_paint_shop_api.TestTruckImages" name="test_truck_02_image" time="0.176" /><testcase classname="backend.tests.test_paint_shop_api.TestTruckImages" name="test_truck_03_image" time="0.168" /><testcase classname="backend.tests.test_paint_shop_api.TestTruckImages" name="test_truck_04_image" time="0.186" /><testcase classname="backend.tests.test_paint_shop_api.TestTruckImages" name="test_truck_05_image" time="0.188" /><testcase classname="backend.tests.test_paint_shop_api.TestTruckImages" name="test_truck_06_image" time="0.168" /></testsuite></testsuites>